<?xml version="1.0" encoding="UTF-8"?>
<!-- Generated by org.testng.reporters.JUnitXMLReporter -->
<testsuite ignored="2" hostname="DESKTOP-O9CBC5K" failures="0" tests="3" name="All test" time="42.255" errors="0" timestamp="2024-05-24T09:46:45 IST">
  <testcase classname="Page_object_test.Login_page_test" name="TC001_Ligon_with_Valid_Credentials" time="6.903"/>
  <testcase classname="Page_object_test.Issues_info_test" name="TC002_navigate_to_issue_info" time="22.973"/>
  <testcase classname="API_test.Verify_status_code_test" name="TC003_Verify_status_code_and_title" time="4.255"/>
  <testcase classname="Common_Utility.Base_Utility" name="@AfterTest close_browser" time="0.0">
    <ignored/>
  </testcase> <!-- @AfterTest close_browser -->
  <testcase classname="Common_Utility.Base_Utility" name="@BeforeTest getLaunchURL" time="0.0">
    <ignored/>
  </testcase> <!-- @BeforeTest getLaunchURL -->
</testsuite> <!-- All test -->
