<?xml version="1.0" encoding="UTF-8"?>
<!-- Generated by org.testng.reporters.JUnitXMLReporter -->
<testsuite ignored="1" hostname="DESKTOP-O9CBC5K" failures="0" tests="2" name="Test" time="59.951" errors="0" timestamp="2024-05-24T00:11:01 IST">
  <testcase classname="Page_object_test.Login_page_test" name="TC001_Ligon_with_Valid_Credentials" time="9.282"/>
  <testcase classname="Page_object_test.Issues_info_test" name="TC002_navigate_to_issue_info" time="41.84"/>
  <testcase classname="Common_Utility.Base_Utility" name="@BeforeTest getLaunchURL" time="0.0">
    <ignored/>
  </testcase> <!-- @BeforeTest getLaunchURL -->
</testsuite> <!-- Test -->
